<?xml version="1.0" encoding="UTF-8"?>
<!-- Generated by org.testng.reporters.JUnitReportReporter -->
<testsuite hostname="LAPTOP-GSAAFOHU" failures="0" tests="1" name="testCases.LoginTest" time="6.155" errors="0" timestamp="02 Aug 2024 15:00:38 GMT" skipped="0">
  <testcase classname="testCases.LoginTest" name="TC01_LoginSuccessTest" time="6.155"/>
</testsuite> <!-- testCases.LoginTest -->
