<?xml version="1.0" encoding="UTF-8"?>
<!-- Generated by org.testng.reporters.JUnitReportReporter -->
<testsuite hostname="LAPTOP-GSAAFOHU" failures="0" tests="1" name="testCases.HomePageTest" time="2.728" errors="0" timestamp="05 Aug 2024 15:31:18 GMT" skipped="0">
  <testcase classname="testCases.HomePageTest" name="TC01_AddToCartTest" time="2.728"/>
</testsuite> <!-- testCases.HomePageTest -->
