<?xml version="1.0" encoding="UTF-8"?>
<!-- Generated by org.testng.reporters.JUnitReportReporter -->
<testsuite hostname="LAPTOP-GSAAFOHU" failures="0" tests="3" name="testCases.LoginTest" time="7.499" errors="0" timestamp="05 Aug 2024 15:25:14 GMT" skipped="0">
  <testcase classname="testCases.LoginTest" name="TC02_LoginFailureTest" time="3.242"/>
  <testcase classname="testCases.LoginTest" name="TC03_LockedUserTest" time="1.742"/>
  <testcase classname="testCases.LoginTest" name="TC01_LoginSuccessTest" time="2.515"/>
</testsuite> <!-- testCases.LoginTest -->
